<?xml version="1.0" encoding="UTF-8"?>
<coverage generated="1626258823073" clover="3.2.0">
  <project timestamp="1626258823073" name="All files">
    <metrics statements="20" coveredstatements="15" conditionals="10" coveredconditionals="4" methods="15" coveredmethods="10" elements="45" coveredelements="29" complexity="0" loc="20" ncloc="20" packages="3" files="4" classes="4"/>
    <package name="src">
      <metrics statements="2" coveredstatements="2" conditionals="0" coveredconditionals="0" methods="2" coveredmethods="2"/>
      <file name="validate.js" path="C:\JS\Validater\my-validater\src\validate.js">
        <metrics statements="2" coveredstatements="2" conditionals="0" coveredconditionals="0" methods="2" coveredmethods="2"/>
        <line num="5" count="1" type="stmt"/>
        <line num="6" count="2" type="stmt"/>
      </file>
    </package>
    <package name="src.monoids">
      <metrics statements="14" coveredstatements="9" conditionals="6" coveredconditionals="2" methods="11" coveredmethods="6"/>
      <file name="monoids.js" path="C:\JS\Validater\my-validater\src\monoids\monoids.js">
        <metrics statements="14" coveredstatements="9" conditionals="6" coveredconditionals="2" methods="11" coveredmethods="6"/>
        <line num="1" count="1" type="stmt"/>
        <line num="2" count="4" type="stmt"/>
        <line num="5" count="0" type="stmt"/>
        <line num="7" count="3" type="cond" truecount="2" falsecount="0"/>
        <line num="10" count="1" type="stmt"/>
        <line num="11" count="1" type="stmt"/>
        <line num="14" count="0" type="stmt"/>
        <line num="16" count="0" type="cond" truecount="0" falsecount="2"/>
        <line num="19" count="1" type="stmt"/>
        <line num="20" count="3" type="stmt"/>
        <line num="23" count="1" type="stmt"/>
        <line num="26" count="1" type="stmt"/>
        <line num="27" count="0" type="stmt"/>
        <line num="30" count="0" type="cond" truecount="0" falsecount="2"/>
      </file>
    </package>
    <package name="src.validators">
      <metrics statements="4" coveredstatements="4" conditionals="4" coveredconditionals="2" methods="2" coveredmethods="2"/>
      <file name="isEmail.js" path="C:\JS\Validater\my-validater\src\validators\isEmail.js">
        <metrics statements="2" coveredstatements="2" conditionals="2" coveredconditionals="1" methods="1" coveredmethods="1"/>
        <line num="3" count="1" type="stmt"/>
        <line num="4" count="1" type="cond" truecount="1" falsecount="1"/>
      </file>
      <file name="isPresent.js" path="C:\JS\Validater\my-validater\src\validators\isPresent.js">
        <metrics statements="2" coveredstatements="2" conditionals="2" coveredconditionals="1" methods="1" coveredmethods="1"/>
        <line num="3" count="1" type="stmt"/>
        <line num="4" count="2" type="cond" truecount="1" falsecount="1"/>
      </file>
    </package>
  </project>
</coverage>
