{"C:\\JS\\Validater\\my-validater\\src\\validate.js": {"path":"C:\\JS\\Validater\\my-validater\\src\\validate.js","statementMap":{"0":{"start":{"line":5,"column":4},"end":{"line":7,"column":23}},"1":{"start":{"line":6,"column":8},"end":{"line":6,"column":42}}},"fnMap":{"0":{"name":"validate","decl":{"start":{"line":4,"column":9},"end":{"line":4,"column":17}},"loc":{"start":{"line":4,"column":29},"end":{"line":8,"column":1}},"line":4},"1":{"name":"(anonymous_1)","decl":{"start":{"line":5,"column":43},"end":{"line":5,"column":44}},"loc":{"start":{"line":5,"column":50},"end":{"line":7,"column":5}},"line":5}},"branchMap":{},"s":{"0":1,"1":2},"f":{"0":1,"1":2},"b":{},"_coverageSchema":"1a1c01bbd47fc00a2c39e90264f33305004495a9","hash":"d707dc5db17f533fc6d5b341ae4240e6150b7a93"}
,"C:\\JS\\Validater\\my-validater\\src\\monoids\\monoids.js": {"path":"C:\\JS\\Validater\\my-validater\\src\\monoids\\monoids.js","statementMap":{"0":{"start":{"line":1,"column":23},"end":{"line":8,"column":2}},"1":{"start":{"line":2,"column":1},"end":{"line":8,"column":1}},"2":{"start":{"line":5,"column":20},"end":{"line":5,"column":24}},"3":{"start":{"line":7,"column":8},"end":{"line":7,"column":41}},"4":{"start":{"line":10,"column":20},"end":{"line":17,"column":2}},"5":{"start":{"line":11,"column":1},"end":{"line":17,"column":1}},"6":{"start":{"line":14,"column":20},"end":{"line":14,"column":24}},"7":{"start":{"line":16,"column":8},"end":{"line":16,"column":56}},"8":{"start":{"line":19,"column":26},"end":{"line":24,"column":2}},"9":{"start":{"line":20,"column":1},"end":{"line":24,"column":1}},"10":{"start":{"line":23,"column":8},"end":{"line":23,"column":69}},"11":{"start":{"line":23,"column":31},"end":{"line":23,"column":68}},"12":{"start":{"line":26,"column":18},"end":{"line":32,"column":2}},"13":{"start":{"line":27,"column":1},"end":{"line":32,"column":1}},"14":{"start":{"line":30,"column":8},"end":{"line":30,"column":48}}},"fnMap":{"0":{"name":"(anonymous_0)","decl":{"start":{"line":1,"column":23},"end":{"line":1,"column":24}},"loc":{"start":{"line":2,"column":1},"end":{"line":8,"column":1}},"line":2},"1":{"name":"(anonymous_1)","decl":{"start":{"line":5,"column":10},"end":{"line":5,"column":11}},"loc":{"start":{"line":5,"column":20},"end":{"line":5,"column":24}},"line":5},"2":{"name":"(anonymous_2)","decl":{"start":{"line":6,"column":12},"end":{"line":6,"column":13}},"loc":{"start":{"line":7,"column":8},"end":{"line":7,"column":41}},"line":7},"3":{"name":"(anonymous_3)","decl":{"start":{"line":10,"column":20},"end":{"line":10,"column":21}},"loc":{"start":{"line":11,"column":1},"end":{"line":17,"column":1}},"line":11},"4":{"name":"(anonymous_4)","decl":{"start":{"line":14,"column":10},"end":{"line":14,"column":11}},"loc":{"start":{"line":14,"column":20},"end":{"line":14,"column":24}},"line":14},"5":{"name":"(anonymous_5)","decl":{"start":{"line":15,"column":12},"end":{"line":15,"column":13}},"loc":{"start":{"line":16,"column":8},"end":{"line":16,"column":56}},"line":16},"6":{"name":"(anonymous_6)","decl":{"start":{"line":19,"column":26},"end":{"line":19,"column":27}},"loc":{"start":{"line":20,"column":1},"end":{"line":24,"column":1}},"line":20},"7":{"name":"(anonymous_7)","decl":{"start":{"line":22,"column":12},"end":{"line":22,"column":13}},"loc":{"start":{"line":23,"column":8},"end":{"line":23,"column":69}},"line":23},"8":{"name":"(anonymous_8)","decl":{"start":{"line":23,"column":19},"end":{"line":23,"column":20}},"loc":{"start":{"line":23,"column":31},"end":{"line":23,"column":68}},"line":23},"9":{"name":"(anonymous_9)","decl":{"start":{"line":26,"column":18},"end":{"line":26,"column":19}},"loc":{"start":{"line":27,"column":1},"end":{"line":32,"column":1}},"line":27},"10":{"name":"(anonymous_10)","decl":{"start":{"line":29,"column":12},"end":{"line":29,"column":13}},"loc":{"start":{"line":30,"column":8},"end":{"line":30,"column":48}},"line":30}},"branchMap":{"0":{"loc":{"start":{"line":7,"column":8},"end":{"line":7,"column":41}},"type":"cond-expr","locations":[{"start":{"line":7,"column":23},"end":{"line":7,"column":28}},{"start":{"line":7,"column":31},"end":{"line":7,"column":41}}],"line":7},"1":{"loc":{"start":{"line":16,"column":8},"end":{"line":16,"column":56}},"type":"cond-expr","locations":[{"start":{"line":16,"column":23},"end":{"line":16,"column":46}},{"start":{"line":16,"column":49},"end":{"line":16,"column":56}}],"line":16},"2":{"loc":{"start":{"line":30,"column":11},"end":{"line":30,"column":47}},"type":"cond-expr","locations":[{"start":{"line":30,"column":26},"end":{"line":30,"column":27}},{"start":{"line":30,"column":30},"end":{"line":30,"column":47}}],"line":30}},"s":{"0":1,"1":4,"2":0,"3":3,"4":1,"5":1,"6":0,"7":0,"8":1,"9":3,"10":1,"11":1,"12":1,"13":0,"14":0},"f":{"0":4,"1":0,"2":3,"3":1,"4":0,"5":0,"6":3,"7":1,"8":1,"9":0,"10":0},"b":{"0":[2,1],"1":[0,0],"2":[0,0]},"_coverageSchema":"1a1c01bbd47fc00a2c39e90264f33305004495a9","hash":"1dda72f392e28689c9db6a95bc634f11f57908ca"}
,"C:\\JS\\Validater\\my-validater\\src\\validators\\isEmail.js": {"path":"C:\\JS\\Validater\\my-validater\\src\\validators\\isEmail.js","statementMap":{"0":{"start":{"line":3,"column":23},"end":{"line":7,"column":1}},"1":{"start":{"line":4,"column":4},"end":{"line":6,"column":46}}},"fnMap":{"0":{"name":"(anonymous_0)","decl":{"start":{"line":3,"column":34},"end":{"line":3,"column":35}},"loc":{"start":{"line":4,"column":4},"end":{"line":6,"column":46}},"line":4}},"branchMap":{"0":{"loc":{"start":{"line":4,"column":4},"end":{"line":6,"column":46}},"type":"cond-expr","locations":[{"start":{"line":5,"column":10},"end":{"line":5,"column":20}},{"start":{"line":6,"column":10},"end":{"line":6,"column":46}}],"line":4}},"s":{"0":1,"1":1},"f":{"0":1},"b":{"0":[0,1]},"_coverageSchema":"1a1c01bbd47fc00a2c39e90264f33305004495a9","hash":"1f27a72abfc10903d21e19d53abf79537d012a58"}
,"C:\\JS\\Validater\\my-validater\\src\\validators\\isPresent.js": {"path":"C:\\JS\\Validater\\my-validater\\src\\validators\\isPresent.js","statementMap":{"0":{"start":{"line":3,"column":23},"end":{"line":7,"column":1}},"1":{"start":{"line":4,"column":4},"end":{"line":6,"column":42}}},"fnMap":{"0":{"name":"(anonymous_0)","decl":{"start":{"line":3,"column":34},"end":{"line":3,"column":35}},"loc":{"start":{"line":4,"column":4},"end":{"line":6,"column":42}},"line":4}},"branchMap":{"0":{"loc":{"start":{"line":4,"column":4},"end":{"line":6,"column":42}},"type":"cond-expr","locations":[{"start":{"line":5,"column":6},"end":{"line":5,"column":16}},{"start":{"line":6,"column":6},"end":{"line":6,"column":42}}],"line":4}},"s":{"0":1,"1":2},"f":{"0":2},"b":{"0":[2,0]},"_coverageSchema":"1a1c01bbd47fc00a2c39e90264f33305004495a9","hash":"2b5a8059172496c32ac4537b5f970e4fdf329b46"}
}
