TN:
SF:src\validate.js
FN:4,validate
FN:5,(anonymous_1)
FNF:2
FNH:2
FNDA:1,validate
FNDA:2,(anonymous_1)
DA:5,1
DA:6,2
LF:2
LH:2
BRF:0
BRH:0
end_of_record
TN:
SF:src\monoids\monoids.js
FN:1,(anonymous_0)
FN:5,(anonymous_1)
FN:6,(anonymous_2)
FN:10,(anonymous_3)
FN:14,(anonymous_4)
FN:15,(anonymous_5)
FN:19,(anonymous_6)
FN:22,(anonymous_7)
FN:23,(anonymous_8)
FN:26,(anonymous_9)
FN:29,(anonymous_10)
FNF:11
FNH:6
FNDA:4,(anonymous_0)
FNDA:0,(anonymous_1)
FNDA:3,(anonymous_2)
FNDA:1,(anonymous_3)
FNDA:0,(anonymous_4)
FNDA:0,(anonymous_5)
FNDA:3,(anonymous_6)
FNDA:1,(anonymous_7)
FNDA:1,(anonymous_8)
FNDA:0,(anonymous_9)
FNDA:0,(anonymous_10)
DA:1,1
DA:2,4
DA:5,0
DA:7,3
DA:10,1
DA:11,1
DA:14,0
DA:16,0
DA:19,1
DA:20,3
DA:23,1
DA:26,1
DA:27,0
DA:30,0
LF:14
LH:9
BRDA:7,0,0,2
BRDA:7,0,1,1
BRDA:16,1,0,0
BRDA:16,1,1,0
BRDA:30,2,0,0
BRDA:30,2,1,0
BRF:6
BRH:2
end_of_record
TN:
SF:src\validators\isEmail.js
FN:3,(anonymous_0)
FNF:1
FNH:1
FNDA:1,(anonymous_0)
DA:3,1
DA:4,1
LF:2
LH:2
BRDA:4,0,0,0
BRDA:4,0,1,1
BRF:2
BRH:1
end_of_record
TN:
SF:src\validators\isPresent.js
FN:3,(anonymous_0)
FNF:1
FNH:1
FNDA:2,(anonymous_0)
DA:3,1
DA:4,2
LF:2
LH:2
BRDA:4,0,0,2
BRDA:4,0,1,0
BRF:2
BRH:1
end_of_record
